<?xml version="1.0" encoding="UTF-8"?>
<testsuites name="New Test Suite" time="1.347" tests="1" failures="0" errors="0">
   <testsuite name="New Test Suite" tests="1" failures="0" errors="0" time="1.347" skipped="0" timestamp="20-06-2024T00:54:34" hostname="Admin - MSI" id="Test Suites/New Test Suite">
      <properties>
         <property name="deviceName"/>
         <property name="devicePlatform"/>
         <property name="logFolder" value="D:\\Katalon\\katalon-project\\Reports\\20240620_005426\\New Test Suite\\20240620_005427"/>
         <property name="logFiles" value="D:\\Katalon\\katalon-project\\Reports\\20240620_005426\\New Test Suite\\20240620_005427\\execution0.log"/>
         <property name="attachments" value=""/>
         <property name="hostName" value="Admin - MSI"/>
         <property name="hostAddress" value="192.168.0.106"/>
         <property name="desiredCapabilities" value="{}"/>
         <property name="os" value="Windows 10 64bit"/>
         <property name="katalonVersion" value="9.6.0.217"/>
      </properties>
      <testcase name="Test Cases/New Test Case" time="1.237" classname="Test Cases/New Test Case" status="PASSED">
         <system-out><![CDATA[20-06-2024T00:54:34 - [TEST_CASE][PASSED] - Test Cases/New Test Case: Test Cases/New Test Case

20-06-2024T00:54:34 - [TEST_STEP][PASSED] - startApplicationWithTitle("C:\Windows\notepad.exe", "credentials - Notepad"): The application at location: C:\Windows\notepad.exe started.

20-06-2024T00:54:35 - [MESSAGE][INFO] - Starting application C:\Windows\notepad.exe on the local machine at address http://127.0.0.1:4723

20-06-2024T00:54:35 - [MESSAGE][PASSED] - The application at location: C:\Windows\notepad.exe started.

20-06-2024T00:54:35 - [TEST_STEP][PASSED] - closeApplication(): Fire Close event sucessfully.

20-06-2024T00:54:36 - [MESSAGE][PASSED] - Fire Close event sucessfully.]]></system-out>
         <system-err><![CDATA[]]></system-err>
      </testcase>
      <system-out><![CDATA[20-06-2024T00:54:34 - [TEST_SUITE][PASSED] - New Test Suite: Test Cases/New Test Case]]></system-out>
      <system-err><![CDATA[]]></system-err>
   </testsuite>
</testsuites>
